<?xml version="1.0" encoding="UTF-8"?>
<!-- Generated by org.testng.reporters.JUnitReportReporter -->
<testsuite skipped="0" hostname="DESKTOP-VINC94V" name="ezcontent.qa.testcases.ArticleFAQTest" tests="10" failures="0" timestamp="2020-05-10T00:35:42 IST" time="72.971" errors="0">
  <testcase name="loginFunctionality" time="7.441" classname="ezcontent.qa.testcases.ArticleFAQTest"/>
  <system-out/>
  <testcase name="reachToArticlePageTest" time="8.194" classname="ezcontent.qa.testcases.ArticleFAQTest"/>
  <system-out/>
  <testcase name="validateTabTitleTest" time="0.012" classname="ezcontent.qa.testcases.ArticleFAQTest"/>
  <system-out/>
  <testcase name="validateHeaderTitleTest" time="0.034" classname="ezcontent.qa.testcases.ArticleFAQTest"/>
  <system-out/>
  <testcase name="enterBasicDetailsTest" time="2.999" classname="ezcontent.qa.testcases.ArticleFAQTest"/>
  <system-out/>
  <testcase name="enterTeaserDetailTest" time="0.384" classname="ezcontent.qa.testcases.ArticleFAQTest"/>
  <system-out/>
  <testcase name="uploadThumbnailImageTest" time="13.549" classname="ezcontent.qa.testcases.ArticleFAQTest"/>
  <system-out/>
  <testcase name="enterContentDetailsTest" time="13.214" classname="ezcontent.qa.testcases.ArticleFAQTest"/>
  <system-out/>
  <testcase name="contentFunctionalitiesTest" time="19.593" classname="ezcontent.qa.testcases.ArticleFAQTest"/>
  <system-out/>
  <testcase name="enterTaxonomyTest" time="7.551" classname="ezcontent.qa.testcases.ArticleFAQTest"/>
  <system-out/>
</testsuite> <!-- ezcontent.qa.testcases.ArticleFAQTest -->
