<?xml version="1.0" encoding="UTF-8"?>
<!-- Generated by org.testng.reporters.JUnitReportReporter -->
<testsuite skipped="0" hostname="DESKTOP-VINC94V" name="ezcontent.qa.testcases.ArticleReferencedCardTest" tests="11" failures="0" timestamp="2020-05-21T02:33:03 IST" time="97.734" errors="0">
  <testcase name="contentFunctionalitiesTest" time="16.578" classname="ezcontent.qa.testcases.ArticleReferencedCardTest"/>
  <system-out/>
  <testcase name="enterTaxonomyTest" time="7.432" classname="ezcontent.qa.testcases.ArticleReferencedCardTest"/>
  <system-out/>
  <testcase name="loginFunctionality" time="4.314" classname="ezcontent.qa.testcases.ArticleReferencedCardTest"/>
  <system-out/>
  <testcase name="reachToArticlePageTest" time="6.468" classname="ezcontent.qa.testcases.ArticleReferencedCardTest"/>
  <system-out/>
  <testcase name="validateTabTitleTest" time="0.018" classname="ezcontent.qa.testcases.ArticleReferencedCardTest"/>
  <system-out/>
  <testcase name="validateHeaderTitleTest" time="0.039" classname="ezcontent.qa.testcases.ArticleReferencedCardTest"/>
  <system-out/>
  <testcase name="enterBasicDetailsTest" time="3.511" classname="ezcontent.qa.testcases.ArticleReferencedCardTest"/>
  <system-out/>
  <testcase name="enterTeaserDetailTest" time="0.360" classname="ezcontent.qa.testcases.ArticleReferencedCardTest"/>
  <system-out/>
  <testcase name="uploadThumbnailImageTest" time="13.659" classname="ezcontent.qa.testcases.ArticleReferencedCardTest"/>
  <system-out/>
  <testcase name="enterContentDetailsTest" time="24.393" classname="ezcontent.qa.testcases.ArticleReferencedCardTest"/>
  <system-out/>
  <testcase name="saveContentTest" time="20.962" classname="ezcontent.qa.testcases.ArticleReferencedCardTest"/>
  <system-out/>
</testsuite> <!-- ezcontent.qa.testcases.ArticleReferencedCardTest -->
