<?xml version="1.0" encoding="UTF-8"?>
<!-- Generated by org.testng.reporters.JUnitReportReporter -->
<testsuite skipped="0" hostname="DESKTOP-VINC94V" name="ezcontent.qa.testcases.ArticleFAQTest" tests="5" failures="0" timestamp="2020-05-20T13:19:43 IST" time="24.980" errors="0">
  <testcase name="loginFunctionality" time="5.392" classname="ezcontent.qa.testcases.ArticleFAQTest"/>
  <system-out/>
  <testcase name="reachToArticlePageTest" time="12.014" classname="ezcontent.qa.testcases.ArticleFAQTest"/>
  <system-out/>
  <testcase name="validateTabTitleTest" time="0.018" classname="ezcontent.qa.testcases.ArticleFAQTest"/>
  <system-out/>
  <testcase name="validateHeaderTitleTest" time="0.045" classname="ezcontent.qa.testcases.ArticleFAQTest"/>
  <system-out/>
  <testcase name="enterTaxonomyTest" time="7.511" classname="ezcontent.qa.testcases.ArticleFAQTest"/>
  <system-out/>
</testsuite> <!-- ezcontent.qa.testcases.ArticleFAQTest -->
